INFO:sim:172 - Generating IP...
Resolving generics for 'brom'...
Applying external generics to 'brom'...
Delivering associated files for 'brom'...
Delivering EJava files for 'brom'...
Generating implementation netlist for 'brom'...
INFO:sim - Pre-processing HDL files for 'brom'...
Running synthesis for 'brom'
Running ngcbuild...
Writing VEO instantiation template for 'brom'...
Writing Verilog behavioral simulation model for 'brom'...
WARNING:sim - Overwriting existing file
   C:/Users/ZephRay/Documents/GitHub/GameBoy/Verilog/GameBoy/ipcore_dir/tmp/_cg/
   brom/doc/blk_mem_gen_v7_3_vinfo.html with file from view xilinx_documentation
Delivered 1 file into directory
C:/Users/ZephRay/Documents/GitHub/GameBoy/Verilog/GameBoy/ipcore_dir/tmp/_cg/bro
m
Generating ASY schematic symbol...
INFO:sim:949 - Finished generation of ASY schematic symbol.
Generating SYM schematic symbol for 'brom'...
Generating metadata file...
Generating ISE project file for 'brom'...
Generating ISE project...
XCO file found: brom.xco
XMDF file found: brom_xmdf.tcl
Adding
C:/Users/ZephRay/Documents/GitHub/GameBoy/Verilog/GameBoy/ipcore_dir/tmp/_cg/bro
m.asy -view all -origin_type imported
Adding
C:/Users/ZephRay/Documents/GitHub/GameBoy/Verilog/GameBoy/ipcore_dir/tmp/_cg/bro
m.ngc -view all -origin_type created
Checking file
"C:/Users/ZephRay/Documents/GitHub/GameBoy/Verilog/GameBoy/ipcore_dir/tmp/_cg/br
om.ngc" for project device match ...
File
"C:/Users/ZephRay/Documents/GitHub/GameBoy/Verilog/GameBoy/ipcore_dir/tmp/_cg/br
om.ngc" device information matches project device.
Adding
C:/Users/ZephRay/Documents/GitHub/GameBoy/Verilog/GameBoy/ipcore_dir/tmp/_cg/bro
m.sym -view all -origin_type imported
Adding
C:/Users/ZephRay/Documents/GitHub/GameBoy/Verilog/GameBoy/ipcore_dir/tmp/_cg/bro
m.v -view all -origin_type created
INFO:HDLCompiler:1845 - Analyzing Verilog file
   "C:/Users/ZephRay/Documents/GitHub/GameBoy/Verilog/GameBoy/ipcore_dir/tmp/_cg
   /brom.v" into library work
INFO:ProjectMgmt - Parsing design hierarchy completed successfully.
Adding
C:/Users/ZephRay/Documents/GitHub/GameBoy/Verilog/GameBoy/ipcore_dir/tmp/_cg/bro
m.veo -view all -origin_type imported
INFO:TclTasksC:2116 - The automatic calculation of top has been turned-off.
   Please set the new top explicitly by running the "project set top" command.
   To re-calculate the new top automatically, set the "Auto Implementation Top"
   property to true.
Top level has been set to "/brom"
Generating README file...
Generating FLIST file...
INFO:sim:948 - Finished FLIST file generation.
Launching README viewer...
Moving files to output directory...
Finished moving files to output directory
Wrote CGP file for project 'brom'.
